[ 2017-07-05T00:22:58+08:00 ] 127.0.0.1 /index.php/Order/mobilepayment.html
INFO: [ app_init ] --START--
INFO: Run Behavior\BuildLiteBehavior [ RunTime:0.000033s ]
INFO: [ app_init ] --END-- [ RunTime:0.000693s ]
INFO: [ app_begin ] --START--
INFO: Run Behavior\ReadHtmlCacheBehavior [ RunTime:0.001061s ]
INFO: [ app_begin ] --END-- [ RunTime:0.001242s ]
INFO: [ view_parse ] --START--
INFO: [ template_filter ] --START--
INFO: Run Behavior\ContentReplaceBehavior [ RunTime:0.000145s ]
INFO: [ template_filter ] --END-- [ RunTime:0.000306s ]
NOTIC: [8] Undefined variable: res E:\phpToStudy\wampServer\www\zmPro\Application\Runtime\Cache\M\1c1cf7a7947982f07d9c8879d7667d6e.php 第 50 行.
NOTIC: [8] Undefined variable: res E:\phpToStudy\wampServer\www\zmPro\Application\Runtime\Cache\M\1c1cf7a7947982f07d9c8879d7667d6e.php 第 68 行.
INFO: Run Behavior\ParseTemplateBehavior [ RunTime:0.013541s ]
INFO: [ view_parse ] --END-- [ RunTime:0.013865s ]
INFO: [ view_filter ] --START--
INFO: Run Behavior\WriteHtmlCacheBehavior [ RunTime:0.001258s ]
INFO: [ view_filter ] --END-- [ RunTime:0.001752s ]
INFO: [ app_end ] --START--
INFO: Run Behavior\ShowPageTraceBehavior [ RunTime:0.000928s ]
INFO: [ app_end ] --END-- [ RunTime:0.001182s ]

[ 2017-07-05T00:22:58+08:00 ] 127.0.0.1 /index.php/Order/wechatpaymenter.html
INFO: [ app_init ] --START--
INFO: Run Behavior\BuildLiteBehavior [ RunTime:0.000070s ]
INFO: [ app_init ] --END-- [ RunTime:0.001206s ]
INFO: [ app_begin ] --START--
INFO: Run Behavior\ReadHtmlCacheBehavior [ RunTime:0.001318s ]
INFO: [ app_begin ] --END-- [ RunTime:0.001669s ]
NOTIC: [2] mt_rand(): max(0) is smaller than min(1) E:\phpToStudy\wampServer\www\zmPro\ThinkPHP\Library\Think\Db\Driver.class.php 第 1106 行.
ERR: 1046:Aucune base n'a été sélectionnée
 [ SQL语句 ] : SHOW COLUMNS FROM `order_info`
ERR: 1046:Aucune base n'a été sélectionnée
 [ SQL语句 ] : SHOW COLUMNS FROM `order_info`

[ 2017-07-05T00:23:02+08:00 ] 127.0.0.1 /index.php/Order/trace.html
INFO: [ app_init ] --START--
INFO: Run Behavior\BuildLiteBehavior [ RunTime:0.000040s ]
INFO: [ app_init ] --END-- [ RunTime:0.000788s ]
INFO: [ app_begin ] --START--
INFO: Run Behavior\ReadHtmlCacheBehavior [ RunTime:0.001236s ]
INFO: [ app_begin ] --END-- [ RunTime:0.001529s ]
NOTIC: [8] Undefined index: courier_num E:\phpToStudy\wampServer\www\zmPro\Application\M\Controller\OrderController.class.php 第 35 行.
INFO: [ view_parse ] --START--
INFO: [ template_filter ] --START--
INFO: Run Behavior\ContentReplaceBehavior [ RunTime:0.000106s ]
INFO: [ template_filter ] --END-- [ RunTime:0.000273s ]
INFO: Run Behavior\ParseTemplateBehavior [ RunTime:0.014140s ]
INFO: [ view_parse ] --END-- [ RunTime:0.014381s ]
INFO: [ view_filter ] --START--
INFO: Run Behavior\WriteHtmlCacheBehavior [ RunTime:0.000532s ]
INFO: [ view_filter ] --END-- [ RunTime:0.000672s ]
INFO: [ app_end ] --START--
INFO: Run Behavior\ShowPageTraceBehavior [ RunTime:0.000675s ]
INFO: [ app_end ] --END-- [ RunTime:0.000817s ]

