2017-07-05 15:50:17	<?xml version="1.0" encoding="utf-8" ?><error_response><code>15</code><msg>Remote service error</msg><sub_code>isv.SMS_SIGNATURE_ILLEGAL</sub_code><sub_msg>短信签名不合法</sub_msg><request_id>11ie8s74qeo3u</request_id></error_response><!--top010178144149.n.et2-->
2017-07-05 15:51:45	<?xml version="1.0" encoding="utf-8" ?><error_response><code>15</code><msg>Remote service error</msg><sub_code>isv.SMS_SIGNATURE_ILLEGAL</sub_code><sub_msg>短信签名不合法</sub_msg><request_id>46h8drlnxk88</request_id></error_response><!--top011250244083.eu13-->
2017-07-05 15:55:31	<?xml version="1.0" encoding="utf-8" ?><error_response><code>15</code><msg>Remote service error</msg><sub_code>isv.SMS_SIGNATURE_ILLEGAL</sub_code><sub_msg>短信签名不合法</sub_msg><request_id>ryhvuyz4n0t1</request_id></error_response><!--top011186098053.eu13-->
2017-07-05 15:57:10	<?xml version="1.0" encoding="utf-8" ?><error_response><code>15</code><msg>Remote service error</msg><sub_code>isv.SMS_SIGNATURE_ILLEGAL</sub_code><sub_msg>短信签名不合法</sub_msg><request_id>yf34lgnrtno</request_id></error_response><!--top011250055226.eu13-->
2017-07-05 15:58:17	<?xml version="1.0" encoding="utf-8" ?><error_response><code>15</code><msg>Remote service error</msg><sub_code>isv.BUSINESS_LIMIT_CONTROL</sub_code><sub_msg>触发业务流控</sub_msg><request_id>11iei4xyranlk</request_id></error_response><!--top010178144152.n.et2-->
2017-07-05 15:59:09	<?xml version="1.0" encoding="utf-8" ?><error_response><code>15</code><msg>Remote service error</msg><sub_code>isv.BUSINESS_LIMIT_CONTROL</sub_code><sub_msg>触发业务流控</sub_msg><request_id>41jokpn78ih6</request_id></error_response><!--top011250236081.eu13-->
2017-07-05 15:59:46	<?xml version="1.0" encoding="utf-8" ?><error_response><code>15</code><msg>Remote service error</msg><sub_code>isv.BUSINESS_LIMIT_CONTROL</sub_code><sub_msg>触发业务流控</sub_msg><request_id>rxw8ddrabc62</request_id></error_response><!--top011186097059.eu13-->
2017-07-05 16:01:12	<?xml version="1.0" encoding="utf-8" ?><error_response><code>15</code><msg>Remote service error</msg><sub_code>isv.BUSINESS_LIMIT_CONTROL</sub_code><sub_msg>触发业务流控</sub_msg><request_id>z2ala3uwk7lu</request_id></error_response><!--top010178001137.n.et2-->
2017-07-05 16:02:21	<?xml version="1.0" encoding="utf-8" ?><error_response><code>15</code><msg>Remote service error</msg><sub_code>isv.BUSINESS_LIMIT_CONTROL</sub_code><sub_msg>触发业务流控</sub_msg><request_id>yetrv01j3o3</request_id></error_response><!--top011250055223.eu13-->
2017-07-05 16:03:26	<?xml version="1.0" encoding="utf-8" ?><error_response><code>15</code><msg>Remote service error</msg><sub_code>isv.BUSINESS_LIMIT_CONTROL</sub_code><sub_msg>触发业务流控</sub_msg><request_id>fw8pwsqfcgiu</request_id></error_response><!--top011183161032.eu13-->
2017-07-05 16:05:44	<?xml version="1.0" encoding="utf-8" ?><error_response><code>15</code><msg>Remote service error</msg><sub_code>isv.BUSINESS_LIMIT_CONTROL</sub_code><sub_msg>触发业务流控</sub_msg><request_id>2rx7ojhgh33y</request_id></error_response><!--top010150162061.eu13-->
2017-07-05 16:08:21	<?xml version="1.0" encoding="utf-8" ?><error_response><code>15</code><msg>Remote service error</msg><sub_code>isv.BUSINESS_LIMIT_CONTROL</sub_code><sub_msg>触发业务流控</sub_msg><request_id>3jvj74j4l6uu</request_id></error_response><!--top011250207160.eu13-->
2017-07-05 16:08:43	<?xml version="1.0" encoding="utf-8" ?><error_response><code>15</code><msg>Remote service error</msg><sub_code>isv.BUSINESS_LIMIT_CONTROL</sub_code><sub_msg>触发业务流控</sub_msg><request_id>eooav9ty0pey</request_id></error_response><!--top011183090099.eu13-->
2017-07-05 16:12:37	<?xml version="1.0" encoding="utf-8" ?><error_response><code>15</code><msg>Remote service error</msg><sub_code>isv.BUSINESS_LIMIT_CONTROL</sub_code><sub_msg>触发业务流控</sub_msg><request_id>44nxg0p8t2j9</request_id></error_response><!--top011250241097.eu13-->
2017-07-05 16:13:18	<?xml version="1.0" encoding="utf-8" ?><error_response><code>15</code><msg>Remote service error</msg><sub_code>isv.BUSINESS_LIMIT_CONTROL</sub_code><sub_msg>触发业务流控</sub_msg><request_id>3g3dru1xmvo2</request_id></error_response><!--top011250201124.eu13-->
2017-07-05 16:18:19	<?xml version="1.0" encoding="utf-8" ?><error_response><code>15</code><msg>Remote service error</msg><sub_code>isv.BUSINESS_LIMIT_CONTROL</sub_code><sub_msg>触发业务流控</sub_msg><request_id>ryojxyk474ks</request_id></error_response><!--top011186098130.eu13-->
2017-07-05 16:21:44	<?xml version="1.0" encoding="utf-8" ?><error_response><code>15</code><msg>Remote service error</msg><sub_code>isv.SMS_SIGNATURE_ILLEGAL</sub_code><sub_msg>短信签名不合法</sub_msg><request_id>iv1xqxrgiw1p</request_id></error_response><!--top010184078141.et2-->
2017-07-05 16:23:00	<?xml version="1.0" encoding="utf-8" ?><error_response><code>15</code><msg>Remote service error</msg><sub_code>isv.SMS_SIGNATURE_ILLEGAL</sub_code><sub_msg>短信签名不合法</sub_msg><request_id>ejgshw3cy1jr</request_id></error_response><!--top011183081238.eu13-->
2017-07-05 16:27:11	<?xml version="1.0" encoding="utf-8" ?><error_response><code>15</code><msg>Remote service error</msg><sub_code>isv.BUSINESS_LIMIT_CONTROL</sub_code><sub_msg>触发业务流控</sub_msg><request_id>eyedn49i8996</request_id></error_response><!--top011183106045.eu13-->
2017-07-05 16:27:12	<?xml version="1.0" encoding="utf-8" ?><error_response><code>15</code><msg>Remote service error</msg><sub_code>isv.BUSINESS_LIMIT_CONTROL</sub_code><sub_msg>触发业务流控</sub_msg><request_id>iv0mz8vkkm0s</request_id></error_response><!--top010184078126.et2-->
2017-07-05 16:27:32	<?xml version="1.0" encoding="utf-8" ?><error_response><code>15</code><msg>Remote service error</msg><sub_code>isv.BUSINESS_LIMIT_CONTROL</sub_code><sub_msg>触发业务流控</sub_msg><request_id>u1sx7kwq0ex</request_id></error_response><!--top011250048202.eu13-->
